{"D:\\Development\\FullStack\\Productos\\server\\src\\routes.ts": {"path":"D:\\Development\\FullStack\\Productos\\server\\src\\routes.ts","statementMap":{"0":{"start":{"line":1,"column":0},"end":{"line":1,"column":33}},"1":{"start":{"line":2,"column":0},"end":{"line":2,"column":48}},"2":{"start":{"line":3,"column":0},"end":{"line":3,"column":null}},"3":{"start":{"line":11,"column":0},"end":{"line":11,"column":49}},"4":{"start":{"line":13,"column":15},"end":{"line":13,"column":23}},"5":{"start":{"line":16,"column":0},"end":{"line":16,"column":29}},"6":{"start":{"line":18,"column":0},"end":{"line":25,"column":2}},"7":{"start":{"line":27,"column":0},"end":{"line":40,"column":2}},"8":{"start":{"line":34,"column":25},"end":{"line":34,"column":34}},"9":{"start":{"line":42,"column":0},"end":{"line":59,"column":2}},"10":{"start":{"line":53,"column":25},"end":{"line":53,"column":34}},"11":{"start":{"line":61,"column":0},"end":{"line":68,"column":2}},"12":{"start":{"line":70,"column":0},"end":{"line":77,"column":null}},"13":{"start":{"line":80,"column":0},"end":{"line":80,"column":22}}},"fnMap":{"0":{"name":"(anonymous_0)","decl":{"start":{"line":34,"column":16},"end":{"line":34,"column":21}},"loc":{"start":{"line":34,"column":25},"end":{"line":34,"column":34}}},"1":{"name":"(anonymous_1)","decl":{"start":{"line":53,"column":16},"end":{"line":53,"column":21}},"loc":{"start":{"line":53,"column":25},"end":{"line":53,"column":34}}}},"branchMap":{},"s":{"0":2,"1":2,"2":2,"3":2,"4":2,"5":2,"6":2,"7":2,"8":3,"9":2,"10":5,"11":2,"12":2,"13":2},"f":{"0":3,"1":5},"b":{}}
,"D:\\Development\\FullStack\\Productos\\server\\src\\server.ts": {"path":"D:\\Development\\FullStack\\Productos\\server\\src\\server.ts","statementMap":{"0":{"start":{"line":1,"column":0},"end":{"line":1,"column":51}},"1":{"start":{"line":3,"column":0},"end":{"line":3,"column":30}},"2":{"start":{"line":4,"column":0},"end":{"line":4,"column":41}},"3":{"start":{"line":8,"column":18},"end":{"line":16,"column":1}},"4":{"start":{"line":9,"column":4},"end":{"line":15,"column":5}},"5":{"start":{"line":10,"column":8},"end":{"line":10,"column":38}},"6":{"start":{"line":11,"column":8},"end":{"line":11,"column":24}},"7":{"start":{"line":19,"column":0},"end":{"line":19,"column":12}},"8":{"start":{"line":22,"column":15},"end":{"line":22,"column":24}},"9":{"start":{"line":25,"column":0},"end":{"line":25,"column":27}},"10":{"start":{"line":28,"column":0},"end":{"line":28,"column":null}},"11":{"start":{"line":30,"column":0},"end":{"line":33,"column":null}},"12":{"start":{"line":31,"column":4},"end":{"line":31,"column":null}},"13":{"start":{"line":36,"column":0},"end":{"line":36,"column":22}}},"fnMap":{"0":{"name":"(anonymous_1)","decl":{"start":{"line":8,"column":18},"end":{"line":8,"column":23}},"loc":{"start":{"line":8,"column":29},"end":{"line":16,"column":1}}},"1":{"name":"(anonymous_2)","decl":{"start":{"line":30,"column":18},"end":{"line":30,"column":19}},"loc":{"start":{"line":30,"column":40},"end":{"line":33,"column":1}}}},"branchMap":{},"s":{"0":2,"1":2,"2":2,"3":2,"4":2,"5":2,"6":1,"7":2,"8":2,"9":2,"10":2,"11":2,"12":1,"13":2},"f":{"0":2,"1":1},"b":{}}
,"D:\\Development\\FullStack\\Productos\\server\\src\\config\\database.ts": {"path":"D:\\Development\\FullStack\\Productos\\server\\src\\config\\database.ts","statementMap":{"0":{"start":{"line":1,"column":0},"end":{"line":1,"column":46}},"1":{"start":{"line":2,"column":0},"end":{"line":2,"column":27}},"2":{"start":{"line":4,"column":0},"end":{"line":4,"column":null}},"3":{"start":{"line":6,"column":17},"end":{"line":10,"column":2}},"4":{"start":{"line":12,"column":0},"end":{"line":12,"column":24}}},"fnMap":{},"branchMap":{},"s":{"0":2,"1":2,"2":2,"3":2,"4":2},"f":{},"b":{}}
,"D:\\Development\\FullStack\\Productos\\server\\src\\handlers\\products.ts": {"path":"D:\\Development\\FullStack\\Productos\\server\\src\\handlers\\products.ts","statementMap":{"0":{"start":{"line":2,"column":0},"end":{"line":2,"column":48}},"1":{"start":{"line":5,"column":27},"end":{"line":14,"column":1}},"2":{"start":{"line":7,"column":21},"end":{"line":11,"column":6}},"3":{"start":{"line":13,"column":4},"end":{"line":13,"column":57}},"4":{"start":{"line":5,"column":13},"end":{"line":5,"column":27}},"5":{"start":{"line":16,"column":30},"end":{"line":28,"column":1}},"6":{"start":{"line":17,"column":27},"end":{"line":17,"column":41}},"7":{"start":{"line":19,"column":20},"end":{"line":19,"column":55}},"8":{"start":{"line":21,"column":4},"end":{"line":24,"column":5}},"9":{"start":{"line":22,"column":22},"end":{"line":22,"column":57}},"10":{"start":{"line":23,"column":8},"end":{"line":23,"column":67}},"11":{"start":{"line":26,"column":4},"end":{"line":26,"column":49}},"12":{"start":{"line":16,"column":13},"end":{"line":16,"column":30}},"13":{"start":{"line":30,"column":29},"end":{"line":34,"column":1}},"14":{"start":{"line":32,"column":21},"end":{"line":32,"column":56}},"15":{"start":{"line":33,"column":4},"end":{"line":33,"column":50}},"16":{"start":{"line":30,"column":13},"end":{"line":30,"column":29}},"17":{"start":{"line":36,"column":29},"end":{"line":60,"column":1}},"18":{"start":{"line":37,"column":27},"end":{"line":37,"column":41}},"19":{"start":{"line":39,"column":20},"end":{"line":39,"column":55}},"20":{"start":{"line":41,"column":4},"end":{"line":44,"column":5}},"21":{"start":{"line":42,"column":22},"end":{"line":42,"column":56}},"22":{"start":{"line":43,"column":8},"end":{"line":43,"column":null}},"23":{"start":{"line":47,"column":4},"end":{"line":47,"column":39}},"24":{"start":{"line":48,"column":4},"end":{"line":48,"column":25}},"25":{"start":{"line":49,"column":4},"end":{"line":57,"column":6}},"26":{"start":{"line":36,"column":13},"end":{"line":36,"column":29}},"27":{"start":{"line":62,"column":34},"end":{"line":78,"column":1}},"28":{"start":{"line":64,"column":27},"end":{"line":64,"column":41}},"29":{"start":{"line":66,"column":20},"end":{"line":66,"column":55}},"30":{"start":{"line":68,"column":4},"end":{"line":71,"column":5}},"31":{"start":{"line":69,"column":22},"end":{"line":69,"column":56}},"32":{"start":{"line":70,"column":8},"end":{"line":70,"column":null}},"33":{"start":{"line":74,"column":4},"end":{"line":74,"column":53}},"34":{"start":{"line":75,"column":4},"end":{"line":75,"column":25}},"35":{"start":{"line":76,"column":4},"end":{"line":76,"column":null}},"36":{"start":{"line":62,"column":13},"end":{"line":62,"column":34}},"37":{"start":{"line":80,"column":29},"end":{"line":95,"column":1}},"38":{"start":{"line":82,"column":27},"end":{"line":82,"column":41}},"39":{"start":{"line":84,"column":20},"end":{"line":84,"column":55}},"40":{"start":{"line":86,"column":4},"end":{"line":89,"column":5}},"41":{"start":{"line":87,"column":22},"end":{"line":87,"column":56}},"42":{"start":{"line":88,"column":8},"end":{"line":88,"column":null}},"43":{"start":{"line":92,"column":4},"end":{"line":92,"column":28}},"44":{"start":{"line":93,"column":4},"end":{"line":93,"column":null}},"45":{"start":{"line":80,"column":13},"end":{"line":80,"column":29}}},"fnMap":{"0":{"name":"(anonymous_1)","decl":{"start":{"line":5,"column":27},"end":{"line":5,"column":32}},"loc":{"start":{"line":5,"column":74},"end":{"line":14,"column":1}}},"1":{"name":"(anonymous_2)","decl":{"start":{"line":16,"column":30},"end":{"line":16,"column":35}},"loc":{"start":{"line":16,"column":77},"end":{"line":28,"column":1}}},"2":{"name":"(anonymous_3)","decl":{"start":{"line":30,"column":29},"end":{"line":30,"column":34}},"loc":{"start":{"line":30,"column":76},"end":{"line":34,"column":1}}},"3":{"name":"(anonymous_4)","decl":{"start":{"line":36,"column":29},"end":{"line":36,"column":34}},"loc":{"start":{"line":36,"column":76},"end":{"line":60,"column":1}}},"4":{"name":"(anonymous_5)","decl":{"start":{"line":62,"column":34},"end":{"line":62,"column":39}},"loc":{"start":{"line":62,"column":81},"end":{"line":78,"column":1}}},"5":{"name":"(anonymous_6)","decl":{"start":{"line":80,"column":29},"end":{"line":80,"column":34}},"loc":{"start":{"line":80,"column":76},"end":{"line":95,"column":1}}}},"branchMap":{"0":{"loc":{"start":{"line":21,"column":4},"end":{"line":24,"column":5}},"type":"if","locations":[{"start":{"line":21,"column":4},"end":{"line":24,"column":5}}]},"1":{"loc":{"start":{"line":41,"column":4},"end":{"line":44,"column":5}},"type":"if","locations":[{"start":{"line":41,"column":4},"end":{"line":44,"column":5}}]},"2":{"loc":{"start":{"line":68,"column":4},"end":{"line":71,"column":5}},"type":"if","locations":[{"start":{"line":68,"column":4},"end":{"line":71,"column":5}}]},"3":{"loc":{"start":{"line":86,"column":4},"end":{"line":89,"column":5}},"type":"if","locations":[{"start":{"line":86,"column":4},"end":{"line":89,"column":5}}]}},"s":{"0":2,"1":2,"2":2,"3":2,"4":2,"5":2,"6":2,"7":2,"8":2,"9":1,"10":1,"11":1,"12":2,"13":2,"14":1,"15":1,"16":2,"17":2,"18":2,"19":2,"20":2,"21":1,"22":1,"23":1,"24":1,"25":1,"26":2,"27":2,"28":2,"29":2,"30":2,"31":1,"32":1,"33":1,"34":1,"35":1,"36":2,"37":2,"38":2,"39":2,"40":2,"41":1,"42":1,"43":1,"44":1,"45":2},"f":{"0":2,"1":2,"2":1,"3":2,"4":2,"5":2},"b":{"0":[1],"1":[1],"2":[1],"3":[1]}}
,"D:\\Development\\FullStack\\Productos\\server\\src\\middleware\\index.ts": {"path":"D:\\Development\\FullStack\\Productos\\server\\src\\middleware\\index.ts","statementMap":{"0":{"start":{"line":2,"column":0},"end":{"line":2,"column":52}},"1":{"start":{"line":4,"column":26},"end":{"line":13,"column":1}},"2":{"start":{"line":5,"column":17},"end":{"line":5,"column":42}},"3":{"start":{"line":7,"column":4},"end":{"line":9,"column":5}},"4":{"start":{"line":8,"column":8},"end":{"line":8,"column":null}},"5":{"start":{"line":11,"column":4},"end":{"line":11,"column":11}},"6":{"start":{"line":16,"column":4},"end":{"line":16,"column":21}}},"fnMap":{"0":{"name":"(anonymous_0)","decl":{"start":{"line":4,"column":26},"end":{"line":4,"column":27}},"loc":{"start":{"line":4,"column":87},"end":{"line":13,"column":1}}}},"branchMap":{"0":{"loc":{"start":{"line":7,"column":4},"end":{"line":9,"column":5}},"type":"if","locations":[{"start":{"line":7,"column":4},"end":{"line":9,"column":5}}]}},"s":{"0":2,"1":2,"2":16,"3":16,"4":7,"5":9,"6":2},"f":{"0":16},"b":{"0":[7]}}
,"D:\\Development\\FullStack\\Productos\\server\\src\\models\\Products.model.ts": {"path":"D:\\Development\\FullStack\\Productos\\server\\src\\models\\Products.model.ts","statementMap":{"0":{"start":{"line":1,"column":0},"end":{"line":1,"column":78}},"1":{"start":{"line":16,"column":0},"end":{"line":46,"column":null}},"2":{"start":{"line":24,"column":13},"end":{"line":24,"column":null}},"3":{"start":{"line":30,"column":13},"end":{"line":30,"column":null}},"4":{"start":{"line":36,"column":13},"end":{"line":36,"column":null}},"5":{"start":{"line":43,"column":13},"end":{"line":43,"column":null}},"6":{"start":{"line":16,"column":6},"end":{"line":46,"column":null}},"7":{"start":{"line":49,"column":0},"end":{"line":49,"column":24}}},"fnMap":{},"branchMap":{},"s":{"0":2,"1":2,"2":2,"3":2,"4":2,"5":2,"6":2,"7":2},"f":{},"b":{}}
}
