TN:
SF:src\routes.ts
FN:34,(anonymous_0)
FN:53,(anonymous_1)
FNF:2
FNH:2
FNDA:3,(anonymous_0)
FNDA:5,(anonymous_1)
DA:1,2
DA:2,2
DA:3,2
DA:11,2
DA:13,2
DA:16,2
DA:18,2
DA:27,2
DA:34,3
DA:42,2
DA:53,5
DA:61,2
DA:70,2
DA:80,2
LF:14
LH:14
BRF:0
BRH:0
end_of_record
TN:
SF:src\server.ts
FN:8,(anonymous_1)
FN:30,(anonymous_2)
FNF:2
FNH:2
FNDA:2,(anonymous_1)
FNDA:1,(anonymous_2)
DA:1,2
DA:3,2
DA:4,2
DA:8,2
DA:9,2
DA:10,2
DA:11,1
DA:19,2
DA:22,2
DA:25,2
DA:28,2
DA:30,2
DA:31,1
DA:36,2
LF:14
LH:14
BRF:0
BRH:0
end_of_record
TN:
SF:src\config\database.ts
FNF:0
FNH:0
DA:1,2
DA:2,2
DA:4,2
DA:6,2
DA:12,2
LF:5
LH:5
BRF:0
BRH:0
end_of_record
TN:
SF:src\handlers\products.ts
FN:5,(anonymous_1)
FN:16,(anonymous_2)
FN:30,(anonymous_3)
FN:36,(anonymous_4)
FN:62,(anonymous_5)
FN:80,(anonymous_6)
FNF:6
FNH:6
FNDA:2,(anonymous_1)
FNDA:2,(anonymous_2)
FNDA:1,(anonymous_3)
FNDA:2,(anonymous_4)
FNDA:2,(anonymous_5)
FNDA:2,(anonymous_6)
DA:2,2
DA:5,2
DA:7,2
DA:13,2
DA:16,2
DA:17,2
DA:19,2
DA:21,2
DA:22,1
DA:23,1
DA:26,1
DA:30,2
DA:32,1
DA:33,1
DA:36,2
DA:37,2
DA:39,2
DA:41,2
DA:42,1
DA:43,1
DA:47,1
DA:48,1
DA:49,1
DA:62,2
DA:64,2
DA:66,2
DA:68,2
DA:69,1
DA:70,1
DA:74,1
DA:75,1
DA:76,1
DA:80,2
DA:82,2
DA:84,2
DA:86,2
DA:87,1
DA:88,1
DA:92,1
DA:93,1
LF:40
LH:40
BRDA:21,0,0,1
BRDA:41,1,0,1
BRDA:68,2,0,1
BRDA:86,3,0,1
BRF:4
BRH:4
end_of_record
TN:
SF:src\middleware\index.ts
FN:4,(anonymous_0)
FNF:1
FNH:1
FNDA:16,(anonymous_0)
DA:2,2
DA:4,2
DA:5,16
DA:7,16
DA:8,7
DA:11,9
DA:16,2
LF:7
LH:7
BRDA:7,0,0,7
BRF:1
BRH:1
end_of_record
TN:
SF:src\models\Products.model.ts
FNF:0
FNH:0
DA:1,2
DA:16,2
DA:24,2
DA:30,2
DA:36,2
DA:43,2
DA:49,2
LF:7
LH:7
BRF:0
BRH:0
end_of_record
